<?xml version="1.0" encoding="UTF-8"?>
<robot generator="Robot 3.0.4 (Python 3.7.0 on darwin)" generated="20180910 22:56:17.420">
<suite id="s1" name="Login Test" source="/Users/zhouxuerong/PycharmProjects/WebDemo/login_tests/login_test.robot">
<test id="s1-t1" name="open login">
<kw name="Open Browser To Signin Page" library="resource">
<kw name="Open Browser" library="Selenium2Library">
<doc>Opens a new browser instance to the given ``url``.</doc>
<arguments>
<arg>${signin url}</arg>
<arg>${BROWSER}</arg>
</arguments>
<msg timestamp="20180910 22:56:17.565" level="INFO">Opening browser 'Chrome' to base url 'http://localhost:3000/signup'.</msg>
<status status="PASS" starttime="20180910 22:56:17.565" endtime="20180910 22:56:20.063"></status>
</kw>
<kw name="Maximize Browser Window" library="Selenium2Library">
<doc>Maximizes current browser window.</doc>
<status status="PASS" starttime="20180910 22:56:20.064" endtime="20180910 22:56:20.288"></status>
</kw>
<kw name="Set Selenium Speed" library="Selenium2Library">
<doc>Sets the delay that is waited after each Selenium command.</doc>
<arguments>
<arg>${DELAY}</arg>
</arguments>
<status status="PASS" starttime="20180910 22:56:20.289" endtime="20180910 22:56:20.290"></status>
</kw>
<status status="PASS" starttime="20180910 22:56:17.564" endtime="20180910 22:56:20.290"></status>
</kw>
<kw name="Input newUsername" library="resource">
<arguments>
<arg>id:loginname</arg>
<arg>testuser02</arg>
</arguments>
<kw name="Input Text" library="Selenium2Library">
<doc>Types the given ``text`` into text field identified by ``locator``.</doc>
<arguments>
<arg>${newusername_field}</arg>
<arg>${newusername}</arg>
</arguments>
<msg timestamp="20180910 22:56:20.293" level="INFO">Typing text 'testuser02' into text field 'id:loginname'.</msg>
<status status="PASS" starttime="20180910 22:56:20.293" endtime="20180910 22:56:20.485"></status>
</kw>
<status status="PASS" starttime="20180910 22:56:20.291" endtime="20180910 22:56:20.485"></status>
</kw>
<kw name="Input newPassword" library="resource">
<arguments>
<arg>id:pass</arg>
<arg>123456</arg>
</arguments>
<kw name="Input Text" library="Selenium2Library">
<doc>Types the given ``text`` into text field identified by ``locator``.</doc>
<arguments>
<arg>${newPassword_field}</arg>
<arg>${newPassword}</arg>
</arguments>
<msg timestamp="20180910 22:56:20.486" level="INFO">Typing text '123456' into text field 'id:pass'.</msg>
<status status="PASS" starttime="20180910 22:56:20.486" endtime="20180910 22:56:20.598"></status>
</kw>
<status status="PASS" starttime="20180910 22:56:20.486" endtime="20180910 22:56:20.599"></status>
</kw>
<kw name="Input newPasswordAgain" library="resource">
<arguments>
<arg>id:re_pass</arg>
<arg>123456</arg>
</arguments>
<kw name="Input Text" library="Selenium2Library">
<doc>Types the given ``text`` into text field identified by ``locator``.</doc>
<arguments>
<arg>${newPasswordAgain_field}</arg>
<arg>${newPasswordAgain}</arg>
</arguments>
<msg timestamp="20180910 22:56:20.601" level="INFO">Typing text '123456' into text field 'id:re_pass'.</msg>
<status status="PASS" starttime="20180910 22:56:20.600" endtime="20180910 22:56:20.698"></status>
</kw>
<status status="PASS" starttime="20180910 22:56:20.599" endtime="20180910 22:56:20.698"></status>
</kw>
<kw name="Input emailName" library="resource">
<arguments>
<arg>id:email</arg>
<arg>1343932126@qqq.com</arg>
</arguments>
<kw name="Input Text" library="Selenium2Library">
<doc>Types the given ``text`` into text field identified by ``locator``.</doc>
<arguments>
<arg>${emailName_field}</arg>
<arg>${emailName}</arg>
</arguments>
<msg timestamp="20180910 22:56:20.700" level="INFO">Typing text '1343932126@qqq.com' into text field 'id:email'.</msg>
<status status="PASS" starttime="20180910 22:56:20.699" endtime="20180910 22:56:20.854"></status>
</kw>
<status status="PASS" starttime="20180910 22:56:20.699" endtime="20180910 22:56:20.854"></status>
</kw>
<kw name="click signupButton" library="resource">
<kw name="Click Element" library="Selenium2Library">
<doc>Click element identified by ``locator``.</doc>
<arguments>
<arg>class:span-primary</arg>
</arguments>
<msg timestamp="20180910 22:56:20.855" level="INFO">Clicking element 'class:span-primary'.</msg>
<status status="PASS" starttime="20180910 22:56:20.854" endtime="20180910 22:56:21.163"></status>
</kw>
<status status="PASS" starttime="20180910 22:56:20.854" endtime="20180910 22:56:21.164"></status>
</kw>
<status status="PASS" starttime="20180910 22:56:17.564" endtime="20180910 22:56:21.164" critical="yes"></status>
</test>
<doc>A test suite containing tests related to invalid login.

测试登录</doc>
<status status="PASS" starttime="20180910 22:56:17.422" endtime="20180910 22:56:21.166"></status>
</suite>
<statistics>
<total>
<stat pass="1" fail="0">Critical Tests</stat>
<stat pass="1" fail="0">All Tests</stat>
</total>
<tag>
</tag>
<suite>
<stat pass="1" fail="0" id="s1" name="Login Test">Login Test</stat>
</suite>
</statistics>
<errors>
</errors>
</robot>
